[0.007s] Invoking command in '/home/senseri/ros2_ws/build/my_bot': CMAKE_PREFIX_PATH=${CMAKE_PREFIX_PATH}:/opt/ros/humble /usr/bin/cmake /home/senseri/ros2_ws/src/my_bot -DCMAKE_INSTALL_PREFIX=/home/senseri/ros2_ws/install/my_bot
[0.073s] -- The C compiler identification is GNU 11.4.0
[0.123s] -- The CXX compiler identification is GNU 11.4.0
[0.129s] -- Detecting C compiler ABI info
[0.183s] -- Detecting C compiler ABI info - done
[0.188s] -- Check for working C compiler: /usr/bin/cc - skipped
[0.188s] -- Detecting C compile features
[0.188s] -- Detecting C compile features - done
[0.190s] -- Detecting CXX compiler ABI info
[0.252s] -- Detecting CXX compiler ABI info - done
[0.257s] -- Check for working CXX compiler: /usr/bin/c++ - skipped
[0.257s] -- Detecting CXX compile features
[0.257s] -- Detecting CXX compile features - done
[0.259s] -- Found rclpy: 3.3.16 (/opt/ros/humble/share/rclpy/cmake)
[0.259s] -- Found ament_cmake: 1.3.11 (/opt/ros/humble/share/ament_cmake/cmake)
[0.376s] -- Found Python3: /usr/bin/python3 (found version "3.10.12") found components: Interpreter 
[0.437s] -- Found xacro: 2.0.13 (/opt/ros/humble/share/xacro/cmake)
[0.437s] -- Found ament_lint_auto: 0.12.12 (/opt/ros/humble/share/ament_lint_auto/cmake)
[0.492s] -- Added test 'flake8' to check Python code syntax and style conventions
[0.492s] -- Added test 'lint_cmake' to check CMake code style
[0.493s] -- Added test 'pep257' to check Python code against some of the docstring style conventions in PEP 257
[0.496s] -- Added test 'xmllint' to check XML markup files
[0.496s] -- Configuring done
[0.498s] -- Generating done
[0.499s] -- Build files have been written to: /home/senseri/ros2_ws/build/my_bot
[0.503s] Invoked command in '/home/senseri/ros2_ws/build/my_bot' returned '0': CMAKE_PREFIX_PATH=${CMAKE_PREFIX_PATH}:/opt/ros/humble /usr/bin/cmake /home/senseri/ros2_ws/src/my_bot -DCMAKE_INSTALL_PREFIX=/home/senseri/ros2_ws/install/my_bot
[0.503s] Invoking command in '/home/senseri/ros2_ws/build/my_bot': CMAKE_PREFIX_PATH=${CMAKE_PREFIX_PATH}:/opt/ros/humble /usr/bin/cmake --build /home/senseri/ros2_ws/build/my_bot -- -j12 -l12
[0.532s] Invoked command in '/home/senseri/ros2_ws/build/my_bot' returned '0': CMAKE_PREFIX_PATH=${CMAKE_PREFIX_PATH}:/opt/ros/humble /usr/bin/cmake --build /home/senseri/ros2_ws/build/my_bot -- -j12 -l12
[0.539s] Invoking command in '/home/senseri/ros2_ws/build/my_bot': CMAKE_PREFIX_PATH=${CMAKE_PREFIX_PATH}:/opt/ros/humble /usr/bin/cmake --install /home/senseri/ros2_ws/build/my_bot
[0.546s] -- Install configuration: ""
[0.546s] -- Installing: /home/senseri/ros2_ws/install/my_bot/share/my_bot/launch
[0.546s] -- Installing: /home/senseri/ros2_ws/install/my_bot/share/my_bot/launch/test_serial.py
[0.546s] -- Installing: /home/senseri/ros2_ws/install/my_bot/share/my_bot/launch/__pycache__
[0.546s] -- Installing: /home/senseri/ros2_ws/install/my_bot/share/my_bot/launch/__pycache__/rsp.launch.cpython-310.pyc
[0.546s] -- Installing: /home/senseri/ros2_ws/install/my_bot/share/my_bot/launch/__pycache__/launch_robot.launch.cpython-310.pyc
[0.546s] -- Installing: /home/senseri/ros2_ws/install/my_bot/share/my_bot/launch/launch_sim.launch.py
[0.546s] -- Installing: /home/senseri/ros2_ws/install/my_bot/share/my_bot/launch/camera.launch.py
[0.546s] -- Installing: /home/senseri/ros2_ws/install/my_bot/share/my_bot/launch/rsp.launch.py
[0.546s] -- Installing: /home/senseri/ros2_ws/install/my_bot/share/my_bot/launch/hw_full.launch.py
[0.546s] -- Installing: /home/senseri/ros2_ws/install/my_bot/share/my_bot/launch/launch_robot.launch.py
[0.546s] -- Installing: /home/senseri/ros2_ws/install/my_bot/share/my_bot/config
[0.546s] -- Installing: /home/senseri/ros2_ws/install/my_bot/share/my_bot/config/viwe_bot.rviz
[0.546s] -- Installing: /home/senseri/ros2_ws/install/my_bot/share/my_bot/config/viwe_bot2.rviz
[0.546s] -- Installing: /home/senseri/ros2_ws/install/my_bot/share/my_bot/config/empty.yaml
[0.546s] -- Installing: /home/senseri/ros2_ws/install/my_bot/share/my_bot/config/my_controllers.yaml
[0.546s] -- Installing: /home/senseri/ros2_ws/install/my_bot/share/my_bot/config/gazebo_params.yaml
[0.546s] -- Installing: /home/senseri/ros2_ws/install/my_bot/share/my_bot/description
[0.547s] -- Installing: /home/senseri/ros2_ws/install/my_bot/share/my_bot/description/camera.xacro
[0.547s] -- Installing: /home/senseri/ros2_ws/install/my_bot/share/my_bot/description/ros2_control.xacro
[0.547s] -- Installing: /home/senseri/ros2_ws/install/my_bot/share/my_bot/description/lidar.xacro
[0.547s] -- Installing: /home/senseri/ros2_ws/install/my_bot/share/my_bot/description/inertial_macros.xacro
[0.547s] -- Installing: /home/senseri/ros2_ws/install/my_bot/share/my_bot/description/robot.urdf.xacro
[0.547s] -- Installing: /home/senseri/ros2_ws/install/my_bot/share/my_bot/description/gazebo_control.xacro
[0.547s] -- Installing: /home/senseri/ros2_ws/install/my_bot/share/my_bot/description/robot_core.xacro
[0.547s] -- Installing: /home/senseri/ros2_ws/install/my_bot/share/my_bot/worlds
[0.547s] -- Installing: /home/senseri/ros2_ws/install/my_bot/share/my_bot/worlds/obstacles2.world
[0.547s] -- Installing: /home/senseri/ros2_ws/install/my_bot/share/my_bot/worlds/obstacles.world
[0.547s] -- Installing: /home/senseri/ros2_ws/install/my_bot/lib/my_bot/encoder_to_odom.py
[0.547s] -- Installing: /home/senseri/ros2_ws/install/my_bot/share/ament_index/resource_index/package_run_dependencies/my_bot
[0.547s] -- Installing: /home/senseri/ros2_ws/install/my_bot/share/ament_index/resource_index/parent_prefix_path/my_bot
[0.547s] -- Installing: /home/senseri/ros2_ws/install/my_bot/share/my_bot/environment/ament_prefix_path.sh
[0.547s] -- Installing: /home/senseri/ros2_ws/install/my_bot/share/my_bot/environment/ament_prefix_path.dsv
[0.547s] -- Installing: /home/senseri/ros2_ws/install/my_bot/share/my_bot/environment/path.sh
[0.547s] -- Installing: /home/senseri/ros2_ws/install/my_bot/share/my_bot/environment/path.dsv
[0.547s] -- Installing: /home/senseri/ros2_ws/install/my_bot/share/my_bot/local_setup.bash
[0.547s] -- Installing: /home/senseri/ros2_ws/install/my_bot/share/my_bot/local_setup.sh
[0.547s] -- Installing: /home/senseri/ros2_ws/install/my_bot/share/my_bot/local_setup.zsh
[0.547s] -- Installing: /home/senseri/ros2_ws/install/my_bot/share/my_bot/local_setup.dsv
[0.547s] -- Installing: /home/senseri/ros2_ws/install/my_bot/share/my_bot/package.dsv
[0.547s] -- Installing: /home/senseri/ros2_ws/install/my_bot/share/ament_index/resource_index/packages/my_bot
[0.547s] -- Installing: /home/senseri/ros2_ws/install/my_bot/share/my_bot/cmake/my_botConfig.cmake
[0.547s] -- Installing: /home/senseri/ros2_ws/install/my_bot/share/my_bot/cmake/my_botConfig-version.cmake
[0.548s] -- Installing: /home/senseri/ros2_ws/install/my_bot/share/my_bot/package.xml
[0.549s] Invoked command in '/home/senseri/ros2_ws/build/my_bot' returned '0': CMAKE_PREFIX_PATH=${CMAKE_PREFIX_PATH}:/opt/ros/humble /usr/bin/cmake --install /home/senseri/ros2_ws/build/my_bot
