[0.008s] Invoking command in '/home/senseri/ros2_ws/build/my_bot': CMAKE_PREFIX_PATH=/opt/ros/humble /usr/bin/cmake /home/senseri/ros2_ws/src/my_bot -DCMAKE_INSTALL_PREFIX=/home/senseri/ros2_ws/install/my_bot
[0.039s] -- Found ament_cmake: 1.3.11 (/opt/ros/humble/share/ament_cmake/cmake)
[0.121s] -- Override CMake install command with custom implementation using symlinks instead of copying resources
[0.132s] [31mCMake Error at CMakeLists.txt:10 (find_package):
[0.132s]   By not providing "Findxacro.cmake" in CMAKE_MODULE_PATH this project has
[0.132s]   asked CMake to find a package configuration file provided by "xacro", but
[0.132s]   CMake did not find one.
[0.132s] 
[0.132s]   Could not find a package configuration file provided by "xacro" with any of
[0.132s]   the following names:
[0.132s] 
[0.132s]     xacroConfig.cmake
[0.132s]     xacro-config.cmake
[0.132s] 
[0.132s]   Add the installation prefix of "xacro" to CMAKE_PREFIX_PATH or set
[0.132s]   "xacro_DIR" to a directory containing one of the above files.  If "xacro"
[0.132s]   provides a separate development package or SDK, be sure it has been
[0.132s]   installed.
[0.132s] 
[0.132s] [0m
[0.132s] -- Configuring incomplete, errors occurred!
[0.132s] See also "/home/senseri/ros2_ws/build/my_bot/CMakeFiles/CMakeOutput.log".
[0.134s] Invoked command in '/home/senseri/ros2_ws/build/my_bot' returned '1': CMAKE_PREFIX_PATH=/opt/ros/humble /usr/bin/cmake /home/senseri/ros2_ws/src/my_bot -DCMAKE_INSTALL_PREFIX=/home/senseri/ros2_ws/install/my_bot
