[0.005s] Invoking command in '/home/senseri/ros2_ws/src/my_bot/build/my_bot': CMAKE_PREFIX_PATH=${CMAKE_PREFIX_PATH}:/opt/ros/humble /usr/bin/cmake /home/senseri/ros2_ws/src/my_bot -DCMAKE_INSTALL_PREFIX=/home/senseri/ros2_ws/src/my_bot/install/my_bot
[0.048s] -- The C compiler identification is GNU 11.4.0
[0.086s] -- The CXX compiler identification is GNU 11.4.0
[0.091s] -- Detecting C compiler ABI info
[0.143s] -- Detecting C compiler ABI info - done
[0.147s] -- Check for working C compiler: /usr/bin/cc - skipped
[0.147s] -- Detecting C compile features
[0.147s] -- Detecting C compile features - done
[0.149s] -- Detecting CXX compiler ABI info
[0.202s] -- Detecting CXX compiler ABI info - done
[0.206s] -- Check for working CXX compiler: /usr/bin/c++ - skipped
[0.207s] -- Detecting CXX compile features
[0.207s] -- Detecting CXX compile features - done
[0.208s] -- Found rclpy: 3.3.16 (/opt/ros/humble/share/rclpy/cmake)
[0.209s] -- Found ament_cmake: 1.3.11 (/opt/ros/humble/share/ament_cmake/cmake)
[0.299s] -- Found Python3: /usr/bin/python3 (found version "3.10.12") found components: Interpreter 
[0.355s] -- Found xacro: 2.0.13 (/opt/ros/humble/share/xacro/cmake)
[0.356s] -- Found ament_lint_auto: 0.12.12 (/opt/ros/humble/share/ament_lint_auto/cmake)
[0.402s] -- Added test 'cppcheck' to perform static code analysis on C / C++ code
[0.402s] -- Configured cppcheck include dirs: 
[0.402s] -- Configured cppcheck exclude dirs and/or files: 
[0.402s] -- Added test 'flake8' to check Python code syntax and style conventions
[0.403s] -- Added test 'lint_cmake' to check CMake code style
[0.404s] -- Added test 'pep257' to check Python code against some of the docstring style conventions in PEP 257
[0.406s] -- Added test 'uncrustify' to check C / C++ code style
[0.406s] -- Configured uncrustify additional arguments: 
[0.406s] -- Added test 'xmllint' to check XML markup files
[0.407s] -- Configuring done
[0.408s] -- Generating done
[0.409s] -- Build files have been written to: /home/senseri/ros2_ws/src/my_bot/build/my_bot
[0.412s] Invoked command in '/home/senseri/ros2_ws/src/my_bot/build/my_bot' returned '0': CMAKE_PREFIX_PATH=${CMAKE_PREFIX_PATH}:/opt/ros/humble /usr/bin/cmake /home/senseri/ros2_ws/src/my_bot -DCMAKE_INSTALL_PREFIX=/home/senseri/ros2_ws/src/my_bot/install/my_bot
[0.413s] Invoking command in '/home/senseri/ros2_ws/src/my_bot/build/my_bot': CMAKE_PREFIX_PATH=${CMAKE_PREFIX_PATH}:/opt/ros/humble /usr/bin/cmake --build /home/senseri/ros2_ws/src/my_bot/build/my_bot -- -j12 -l12
[0.441s] Invoked command in '/home/senseri/ros2_ws/src/my_bot/build/my_bot' returned '0': CMAKE_PREFIX_PATH=${CMAKE_PREFIX_PATH}:/opt/ros/humble /usr/bin/cmake --build /home/senseri/ros2_ws/src/my_bot/build/my_bot -- -j12 -l12
[0.447s] Invoking command in '/home/senseri/ros2_ws/src/my_bot/build/my_bot': CMAKE_PREFIX_PATH=${CMAKE_PREFIX_PATH}:/opt/ros/humble /usr/bin/cmake --install /home/senseri/ros2_ws/src/my_bot/build/my_bot
[0.453s] -- Install configuration: ""
[0.453s] -- Installing: /home/senseri/ros2_ws/src/my_bot/install/my_bot/share/my_bot/launch
[0.453s] -- Installing: /home/senseri/ros2_ws/src/my_bot/install/my_bot/share/my_bot/launch/hw_state.launch.py
[0.454s] -- Installing: /home/senseri/ros2_ws/src/my_bot/install/my_bot/share/my_bot/launch/launch_sim.launch.py
[0.454s] -- Installing: /home/senseri/ros2_ws/src/my_bot/install/my_bot/share/my_bot/launch/camera.launch.py
[0.454s] -- Installing: /home/senseri/ros2_ws/src/my_bot/install/my_bot/share/my_bot/launch/rsp.launch.py
[0.454s] -- Installing: /home/senseri/ros2_ws/src/my_bot/install/my_bot/share/my_bot/config
[0.454s] -- Installing: /home/senseri/ros2_ws/src/my_bot/install/my_bot/share/my_bot/config/viwe_bot.rviz
[0.454s] -- Installing: /home/senseri/ros2_ws/src/my_bot/install/my_bot/share/my_bot/config/viwe_bot2.rviz
[0.454s] -- Installing: /home/senseri/ros2_ws/src/my_bot/install/my_bot/share/my_bot/config/gazebo_params.yaml
[0.454s] -- Installing: /home/senseri/ros2_ws/src/my_bot/install/my_bot/share/my_bot/description
[0.454s] -- Installing: /home/senseri/ros2_ws/src/my_bot/install/my_bot/share/my_bot/description/camera.xacro
[0.454s] -- Installing: /home/senseri/ros2_ws/src/my_bot/install/my_bot/share/my_bot/description/lidar.xacro
[0.454s] -- Installing: /home/senseri/ros2_ws/src/my_bot/install/my_bot/share/my_bot/description/inertial_macros.xacro
[0.454s] -- Installing: /home/senseri/ros2_ws/src/my_bot/install/my_bot/share/my_bot/description/robot.urdf.xacro
[0.454s] -- Installing: /home/senseri/ros2_ws/src/my_bot/install/my_bot/share/my_bot/description/gazebo_control.xacro
[0.454s] -- Installing: /home/senseri/ros2_ws/src/my_bot/install/my_bot/share/my_bot/description/robot_core.xacro
[0.454s] -- Installing: /home/senseri/ros2_ws/src/my_bot/install/my_bot/share/my_bot/worlds
[0.454s] -- Installing: /home/senseri/ros2_ws/src/my_bot/install/my_bot/share/my_bot/worlds/obstacles2.world
[0.454s] -- Installing: /home/senseri/ros2_ws/src/my_bot/install/my_bot/share/my_bot/worlds/obstacles.world
[0.455s] -- Installing: /home/senseri/ros2_ws/src/my_bot/install/my_bot/lib/my_bot/encoder_to_odom.py
[0.455s] -- Installing: /home/senseri/ros2_ws/src/my_bot/install/my_bot/share/ament_index/resource_index/package_run_dependencies/my_bot
[0.455s] -- Installing: /home/senseri/ros2_ws/src/my_bot/install/my_bot/share/ament_index/resource_index/parent_prefix_path/my_bot
[0.455s] -- Installing: /home/senseri/ros2_ws/src/my_bot/install/my_bot/share/my_bot/environment/ament_prefix_path.sh
[0.455s] -- Installing: /home/senseri/ros2_ws/src/my_bot/install/my_bot/share/my_bot/environment/ament_prefix_path.dsv
[0.455s] -- Installing: /home/senseri/ros2_ws/src/my_bot/install/my_bot/share/my_bot/environment/path.sh
[0.455s] -- Installing: /home/senseri/ros2_ws/src/my_bot/install/my_bot/share/my_bot/environment/path.dsv
[0.455s] -- Installing: /home/senseri/ros2_ws/src/my_bot/install/my_bot/share/my_bot/local_setup.bash
[0.455s] -- Installing: /home/senseri/ros2_ws/src/my_bot/install/my_bot/share/my_bot/local_setup.sh
[0.455s] -- Installing: /home/senseri/ros2_ws/src/my_bot/install/my_bot/share/my_bot/local_setup.zsh
[0.456s] -- Installing: /home/senseri/ros2_ws/src/my_bot/install/my_bot/share/my_bot/local_setup.dsv
[0.456s] -- Installing: /home/senseri/ros2_ws/src/my_bot/install/my_bot/share/my_bot/package.dsv
[0.456s] -- Installing: /home/senseri/ros2_ws/src/my_bot/install/my_bot/share/ament_index/resource_index/packages/my_bot
[0.456s] -- Installing: /home/senseri/ros2_ws/src/my_bot/install/my_bot/share/my_bot/cmake/my_botConfig.cmake
[0.456s] -- Installing: /home/senseri/ros2_ws/src/my_bot/install/my_bot/share/my_bot/cmake/my_botConfig-version.cmake
[0.456s] -- Installing: /home/senseri/ros2_ws/src/my_bot/install/my_bot/share/my_bot/package.xml
[0.457s] Invoked command in '/home/senseri/ros2_ws/src/my_bot/build/my_bot' returned '0': CMAKE_PREFIX_PATH=${CMAKE_PREFIX_PATH}:/opt/ros/humble /usr/bin/cmake --install /home/senseri/ros2_ws/src/my_bot/build/my_bot
