[0.009s] Invoking command in '/home/senseri/ros2_ws/build/my_bot': CMAKE_PREFIX_PATH=${CMAKE_PREFIX_PATH}:/opt/ros/humble /usr/bin/cmake /home/senseri/ros2_ws/src/my_bot -DAMENT_CMAKE_SYMLINK_INSTALL=1 -DCMAKE_INSTALL_PREFIX=/home/senseri/ros2_ws/install/my_bot
[0.028s] -- Found rclpy: 3.3.16 (/opt/ros/humble/share/rclpy/cmake)
[0.028s] -- Found ament_cmake: 1.3.11 (/opt/ros/humble/share/ament_cmake/cmake)
[0.135s] -- Override CMake install command with custom implementation using symlinks instead of copying resources
[0.146s] -- Found xacro: 2.0.13 (/opt/ros/humble/share/xacro/cmake)
[0.147s] -- Found ament_lint_auto: 0.12.12 (/opt/ros/humble/share/ament_lint_auto/cmake)
[0.199s] -- Added test 'flake8' to check Python code syntax and style conventions
[0.199s] -- Added test 'lint_cmake' to check CMake code style
[0.199s] -- Added test 'pep257' to check Python code against some of the docstring style conventions in PEP 257
[0.201s] -- Added test 'xmllint' to check XML markup files
[0.202s] -- Configuring done
[0.205s] -- Generating done
[0.206s] -- Build files have been written to: /home/senseri/ros2_ws/build/my_bot
[0.211s] Invoked command in '/home/senseri/ros2_ws/build/my_bot' returned '0': CMAKE_PREFIX_PATH=${CMAKE_PREFIX_PATH}:/opt/ros/humble /usr/bin/cmake /home/senseri/ros2_ws/src/my_bot -DAMENT_CMAKE_SYMLINK_INSTALL=1 -DCMAKE_INSTALL_PREFIX=/home/senseri/ros2_ws/install/my_bot
[0.212s] Invoking command in '/home/senseri/ros2_ws/build/my_bot': CMAKE_PREFIX_PATH=${CMAKE_PREFIX_PATH}:/opt/ros/humble /usr/bin/cmake --build /home/senseri/ros2_ws/build/my_bot -- -j12 -l12
[0.251s] Invoked command in '/home/senseri/ros2_ws/build/my_bot' returned '0': CMAKE_PREFIX_PATH=${CMAKE_PREFIX_PATH}:/opt/ros/humble /usr/bin/cmake --build /home/senseri/ros2_ws/build/my_bot -- -j12 -l12
[0.261s] Invoking command in '/home/senseri/ros2_ws/build/my_bot': CMAKE_PREFIX_PATH=${CMAKE_PREFIX_PATH}:/opt/ros/humble /usr/bin/cmake --install /home/senseri/ros2_ws/build/my_bot
[0.268s] -- Install configuration: ""
[0.268s] -- Execute custom install script
[0.268s] -- Symlinking: /home/senseri/ros2_ws/install/my_bot/share/my_bot/launch/__pycache__/launch_robot.launch.cpython-310.pyc
[0.276s] -- Symlinking: /home/senseri/ros2_ws/install/my_bot/share/my_bot/launch/__pycache__/rsp.launch.cpython-310.pyc
[0.284s] -- Symlinking: /home/senseri/ros2_ws/install/my_bot/share/my_bot/launch/camera.launch.py
[0.290s] -- Symlinking: /home/senseri/ros2_ws/install/my_bot/share/my_bot/launch/hw_full.launch.py
[0.297s] -- Symlinking: /home/senseri/ros2_ws/install/my_bot/share/my_bot/launch/launch_robot.launch.py
[0.305s] -- Symlinking: /home/senseri/ros2_ws/install/my_bot/share/my_bot/launch/launch_sim.launch.py
[0.312s] -- Symlinking: /home/senseri/ros2_ws/install/my_bot/share/my_bot/launch/rsp.launch.py
[0.321s] -- Symlinking: /home/senseri/ros2_ws/install/my_bot/share/my_bot/launch/test_serial.py
[0.329s] -- Symlinking: /home/senseri/ros2_ws/install/my_bot/share/my_bot/config/empty.yaml
[0.336s] -- Symlinking: /home/senseri/ros2_ws/install/my_bot/share/my_bot/config/gazebo_params.yaml
[0.342s] -- Symlinking: /home/senseri/ros2_ws/install/my_bot/share/my_bot/config/my_controllers.yaml
[0.348s] -- Symlinking: /home/senseri/ros2_ws/install/my_bot/share/my_bot/config/viwe_bot.rviz
[0.354s] -- Symlinking: /home/senseri/ros2_ws/install/my_bot/share/my_bot/config/viwe_bot2.rviz
[0.362s] -- Symlinking: /home/senseri/ros2_ws/install/my_bot/share/my_bot/description/camera.xacro
[0.370s] -- Symlinking: /home/senseri/ros2_ws/install/my_bot/share/my_bot/description/gazebo_control.xacro
[0.377s] -- Symlinking: /home/senseri/ros2_ws/install/my_bot/share/my_bot/description/inertial_macros.xacro
[0.385s] -- Symlinking: /home/senseri/ros2_ws/install/my_bot/share/my_bot/description/lidar.xacro
[0.391s] -- Symlinking: /home/senseri/ros2_ws/install/my_bot/share/my_bot/description/robot.urdf.xacro
[0.399s] -- Symlinking: /home/senseri/ros2_ws/install/my_bot/share/my_bot/description/robot_core.xacro
[0.406s] -- Symlinking: /home/senseri/ros2_ws/install/my_bot/share/my_bot/description/ros2_control.xacro
[0.414s] -- Symlinking: /home/senseri/ros2_ws/install/my_bot/share/my_bot/worlds/obstacles.world
[0.421s] -- Symlinking: /home/senseri/ros2_ws/install/my_bot/share/my_bot/worlds/obstacles2.world
[0.429s] -- Symlinking: /home/senseri/ros2_ws/install/my_bot/lib/my_bot/encoder_to_odom.py
[0.437s] -- Symlinking: /home/senseri/ros2_ws/install/my_bot/share/ament_index/resource_index/package_run_dependencies/my_bot
[0.446s] -- Symlinking: /home/senseri/ros2_ws/install/my_bot/share/ament_index/resource_index/parent_prefix_path/my_bot
[0.457s] -- Symlinking: /home/senseri/ros2_ws/install/my_bot/share/my_bot/environment/ament_prefix_path.sh
[0.465s] -- Symlinking: /home/senseri/ros2_ws/install/my_bot/share/my_bot/environment/ament_prefix_path.dsv
[0.473s] -- Symlinking: /home/senseri/ros2_ws/install/my_bot/share/my_bot/environment/path.sh
[0.482s] -- Symlinking: /home/senseri/ros2_ws/install/my_bot/share/my_bot/environment/path.dsv
[0.491s] -- Symlinking: /home/senseri/ros2_ws/install/my_bot/share/my_bot/local_setup.bash
[0.498s] -- Symlinking: /home/senseri/ros2_ws/install/my_bot/share/my_bot/local_setup.sh
[0.505s] -- Symlinking: /home/senseri/ros2_ws/install/my_bot/share/my_bot/local_setup.zsh
[0.512s] -- Symlinking: /home/senseri/ros2_ws/install/my_bot/share/my_bot/local_setup.dsv
[0.520s] -- Symlinking: /home/senseri/ros2_ws/install/my_bot/share/my_bot/package.dsv
[0.528s] -- Symlinking: /home/senseri/ros2_ws/install/my_bot/share/ament_index/resource_index/packages/my_bot
[0.535s] -- Symlinking: /home/senseri/ros2_ws/install/my_bot/share/my_bot/cmake/my_botConfig.cmake
[0.543s] -- Symlinking: /home/senseri/ros2_ws/install/my_bot/share/my_bot/cmake/my_botConfig-version.cmake
[0.551s] -- Symlinking: /home/senseri/ros2_ws/install/my_bot/share/my_bot/package.xml
[0.560s] Invoked command in '/home/senseri/ros2_ws/build/my_bot' returned '0': CMAKE_PREFIX_PATH=${CMAKE_PREFIX_PATH}:/opt/ros/humble /usr/bin/cmake --install /home/senseri/ros2_ws/build/my_bot
